2025-06-28 13:53:00,094 - File modified: /home/kali/SecureFileTransfer/uploads/sample.pdf at 2025-06-28 13:53:00
2025-06-28 13:56:14,081 - File modified: /home/kali/SecureFileTransfer/uploads/samle.pdf at 2025-06-28 13:56:14
2025-06-28 14:07:05,169 - File deleted: /home/kali/SecureFileTransfer/uploads/url.txt.aes at 2025-06-28 14:07:05
2025-06-28 14:11:57,254 - File modified: /home/kali/SecureFileTransfer/uploads/requirements.txt at 2025-06-28 14:11:57
2025-06-28 14:11:57,270 - File modified: /home/kali/SecureFileTransfer/uploads/requirements.txt at 2025-06-28 14:11:57
2025-06-28 14:26:23,317 - File created: /home/kali/SecureFileTransfer/uploads/saugat.txt at 2025-06-28 14:26:23
2025-06-28 14:26:23,318 - File created: /home/kali/SecureFileTransfer/uploads/saugat.txt at 2025-06-28 14:26:23
2025-06-28 14:26:23,328 - File modified: /home/kali/SecureFileTransfer/uploads/saugat.txt at 2025-06-28 14:26:23
2025-06-28 14:26:23,335 - File modified: /home/kali/SecureFileTransfer/uploads/saugat.txt at 2025-06-28 14:26:23
2025-06-28 14:26:23,342 - File modified: /home/kali/SecureFileTransfer/uploads/saugat.txt at 2025-06-28 14:26:23
2025-06-28 14:26:23,375 - File modified: /home/kali/SecureFileTransfer/uploads/saugat.txt at 2025-06-28 14:26:23
2025-06-28 14:43:16,676 - File modified: /home/kali/SecureFileTransfer/uploads/requirements.txt at 2025-06-28 14:43:16
2025-06-28 14:43:16,678 - File modified: /home/kali/SecureFileTransfer/uploads/requirements.txt at 2025-06-28 14:43:16
2025-07-06 23:27:36,599 - File modified: /home/kali/SecureFileTransfer/uploads/PRE ALERT NOTICE.exe at 2025-07-06 23:27:36
2025-07-06 23:27:36,599 - File modified: /home/kali/SecureFileTransfer/uploads/PRE ALERT NOTICE.exe at 2025-07-06 23:27:36
2025-07-15 09:33:33,918 - File deleted: /home/kali/SecureFileTransfer/uploads/e05d4c9bd06ae181e001b6836526c29532fa43d86f6385d42edda770a73ca812.zip (2) at 2025-07-15 09:33:33
2025-07-15 09:33:33,918 - File deleted: /home/kali/SecureFileTransfer/uploads/e05d4c9bd06ae181e001b6836526c29532fa43d86f6385d42edda770a73ca812.zip (2) at 2025-07-15 09:33:33
2025-07-15 09:33:35,733 - File deleted: /home/kali/SecureFileTransfer/uploads/saugat.txt at 2025-07-15 09:33:35
2025-07-15 09:33:35,734 - File deleted: /home/kali/SecureFileTransfer/uploads/saugat.txt at 2025-07-15 09:33:35
2025-07-15 09:33:37,136 - File deleted: /home/kali/SecureFileTransfer/uploads/README.md at 2025-07-15 09:33:37
2025-07-15 09:33:37,137 - File deleted: /home/kali/SecureFileTransfer/uploads/README.md at 2025-07-15 09:33:37
2025-07-15 09:33:38,346 - File deleted: /home/kali/SecureFileTransfer/uploads/PRE ALERT NOTICE.exe at 2025-07-15 09:33:38
2025-07-15 09:33:38,346 - File deleted: /home/kali/SecureFileTransfer/uploads/PRE ALERT NOTICE.exe at 2025-07-15 09:33:38
2025-07-15 09:33:53,759 - File deleted: /home/kali/SecureFileTransfer/uploads/requirements.txt at 2025-07-15 09:33:53
2025-07-15 09:33:53,761 - File deleted: /home/kali/SecureFileTransfer/uploads/requirements.txt at 2025-07-15 09:33:53
2025-07-15 09:33:55,669 - File deleted: /home/kali/SecureFileTransfer/uploads/e05d4c9bd06ae181e001b6836526c29532fa43d86f6385d42edda770a73ca812.zip at 2025-07-15 09:33:55
2025-07-15 09:33:55,673 - File deleted: /home/kali/SecureFileTransfer/uploads/e05d4c9bd06ae181e001b6836526c29532fa43d86f6385d42edda770a73ca812.zip at 2025-07-15 09:33:55
2025-07-15 09:34:12,643 - File deleted: /home/kali/SecureFileTransfer/uploads/CFS Cargoreceive stuffing.exe at 2025-07-15 09:34:12
2025-07-15 09:34:12,644 - File deleted: /home/kali/SecureFileTransfer/uploads/CFS Cargoreceive stuffing.exe at 2025-07-15 09:34:12
2025-07-15 09:35:37,080 - File created: /home/kali/SecureFileTransfer/uploads/CFS Cargoreceive stuffing.exe.aes at 2025-07-15 09:35:37
2025-07-15 09:35:37,085 - File created: /home/kali/SecureFileTransfer/uploads/CFS Cargoreceive stuffing.exe.aes at 2025-07-15 09:35:37
2025-07-15 09:35:44,965 - File created: /home/kali/SecureFileTransfer/uploads/CFS Cargoreceive stuffing.exe at 2025-07-15 09:35:44
2025-07-15 09:35:44,966 - File created: /home/kali/SecureFileTransfer/uploads/CFS Cargoreceive stuffing.exe at 2025-07-15 09:35:44
2025-07-15 09:35:51,069 - File created: /home/kali/SecureFileTransfer/uploads/CFS Cargoreceive stuffing.exe at 2025-07-15 09:35:51
2025-07-15 09:35:51,072 - File created: /home/kali/SecureFileTransfer/uploads/CFS Cargoreceive stuffing.exe at 2025-07-15 09:35:51
2025-07-15 09:35:51,092 - File deleted: /home/kali/SecureFileTransfer/uploads/CFS Cargoreceive stuffing.exe.aes at 2025-07-15 09:35:51
2025-07-15 09:35:51,105 - File deleted: /home/kali/SecureFileTransfer/uploads/CFS Cargoreceive stuffing.exe.aes at 2025-07-15 09:35:51
2025-07-15 16:46:34,151 - File deleted: /home/kali/SecureFileTransfer/uploads/CFS Cargoreceive stuffing.exe at 2025-07-15 16:46:34
2025-07-15 16:46:34,152 - File deleted: /home/kali/SecureFileTransfer/uploads/CFS Cargoreceive stuffing.exe at 2025-07-15 16:46:34
2025-07-15 16:46:50,988 - File created: /home/kali/SecureFileTransfer/uploads/requirements.txt at 2025-07-15 16:46:50
2025-07-15 16:46:50,989 - File created: /home/kali/SecureFileTransfer/uploads/requirements.txt at 2025-07-15 16:46:50
2025-07-15 16:47:01,696 - File deleted: /home/kali/SecureFileTransfer/uploads/requirements.txt at 2025-07-15 16:47:01
2025-07-15 16:47:01,700 - File deleted: /home/kali/SecureFileTransfer/uploads/requirements.txt at 2025-07-15 16:47:01
2025-07-15 17:20:47,065 - File created: /home/kali/SecureFileTransfer/uploads/PRE ALERT NOTICE.exe at 2025-07-15 17:20:47
2025-07-15 17:20:47,066 - File created: /home/kali/SecureFileTransfer/uploads/PRE ALERT NOTICE.exe at 2025-07-15 17:20:47
2025-07-15 17:21:28,560 - File deleted: /home/kali/SecureFileTransfer/uploads/PRE ALERT NOTICE.exe at 2025-07-15 17:21:28
2025-07-15 17:21:28,561 - File deleted: /home/kali/SecureFileTransfer/uploads/PRE ALERT NOTICE.exe at 2025-07-15 17:21:28
2025-07-19 07:14:03,013 - File created: /home/kali/SecureFileTransfer/uploads/PRE ALERT NOTICE.exe at 2025-07-19 07:14:03
2025-07-19 07:14:03,015 - File created: /home/kali/SecureFileTransfer/uploads/PRE ALERT NOTICE.exe at 2025-07-19 07:14:03
2025-07-19 07:28:14,989 - File deleted: /home/kali/SecureFileTransfer/uploads/PRE ALERT NOTICE.exe at 2025-07-19 07:28:14
2025-07-19 07:28:14,991 - File deleted: /home/kali/SecureFileTransfer/uploads/PRE ALERT NOTICE.exe at 2025-07-19 07:28:14
2025-07-19 15:27:35,689 - File created: /home/kali/SecureFileTransfer/uploads/PRE ALERT NOTICE.exe at 2025-07-19 15:27:35
2025-07-19 15:27:35,690 - File created: /home/kali/SecureFileTransfer/uploads/PRE ALERT NOTICE.exe at 2025-07-19 15:27:35
2025-07-19 15:27:43,660 - File deleted: /home/kali/SecureFileTransfer/uploads/PRE ALERT NOTICE.exe at 2025-07-19 15:27:43
2025-07-19 15:27:43,660 - File deleted: /home/kali/SecureFileTransfer/uploads/PRE ALERT NOTICE.exe at 2025-07-19 15:27:43
2025-07-19 15:49:18,367 - File created: /home/kali/SecureFileTransfer/uploads/PRE ALERT NOTICE.exe at 2025-07-19 15:49:18
2025-07-19 15:49:18,368 - File created: /home/kali/SecureFileTransfer/uploads/PRE ALERT NOTICE.exe at 2025-07-19 15:49:18
2025-07-19 15:49:23,508 - File deleted: /home/kali/SecureFileTransfer/uploads/PRE ALERT NOTICE.exe at 2025-07-19 15:49:23
2025-07-19 15:49:23,508 - File deleted: /home/kali/SecureFileTransfer/uploads/PRE ALERT NOTICE.exe at 2025-07-19 15:49:23
2025-07-19 15:49:48,694 - File created: /home/kali/SecureFileTransfer/uploads/PRE ALERT NOTICE.exe at 2025-07-19 15:49:48
2025-07-19 15:49:48,694 - File created: /home/kali/SecureFileTransfer/uploads/PRE ALERT NOTICE.exe at 2025-07-19 15:49:48
2025-07-19 15:49:52,908 - File deleted: /home/kali/SecureFileTransfer/uploads/PRE ALERT NOTICE.exe at 2025-07-19 15:49:52
2025-07-19 15:49:52,911 - File deleted: /home/kali/SecureFileTransfer/uploads/PRE ALERT NOTICE.exe at 2025-07-19 15:49:52
2025-07-19 15:50:30,858 - File created: /home/kali/SecureFileTransfer/uploads/PRE ALERT NOTICE.exe at 2025-07-19 15:50:30
2025-07-19 15:50:30,859 - File created: /home/kali/SecureFileTransfer/uploads/PRE ALERT NOTICE.exe at 2025-07-19 15:50:30
2025-07-19 15:50:36,317 - File deleted: /home/kali/SecureFileTransfer/uploads/PRE ALERT NOTICE.exe at 2025-07-19 15:50:36
2025-07-19 15:50:36,323 - File deleted: /home/kali/SecureFileTransfer/uploads/PRE ALERT NOTICE.exe at 2025-07-19 15:50:36
2025-07-19 15:51:48,413 - File created: /home/kali/SecureFileTransfer/uploads/PRE ALERT NOTICE.exe at 2025-07-19 15:51:48
2025-07-19 15:51:48,414 - File created: /home/kali/SecureFileTransfer/uploads/PRE ALERT NOTICE.exe at 2025-07-19 15:51:48
2025-07-19 15:51:54,382 - File deleted: /home/kali/SecureFileTransfer/uploads/PRE ALERT NOTICE.exe at 2025-07-19 15:51:54
2025-07-19 15:51:54,392 - File deleted: /home/kali/SecureFileTransfer/uploads/PRE ALERT NOTICE.exe at 2025-07-19 15:51:54
2025-07-19 15:52:52,562 - File created: /home/kali/SecureFileTransfer/uploads/PRE ALERT NOTICE.exe at 2025-07-19 15:52:52
2025-07-19 15:52:52,563 - File created: /home/kali/SecureFileTransfer/uploads/PRE ALERT NOTICE.exe at 2025-07-19 15:52:52
2025-07-19 15:52:57,890 - File deleted: /home/kali/SecureFileTransfer/uploads/PRE ALERT NOTICE.exe at 2025-07-19 15:52:57
2025-07-19 15:52:57,892 - File deleted: /home/kali/SecureFileTransfer/uploads/PRE ALERT NOTICE.exe at 2025-07-19 15:52:57
2025-07-19 16:26:03,752 - File created: /home/kali/SecureFileTransfer/uploads/PRE ALERT NOTICE.exe at 2025-07-19 16:26:03
2025-07-19 16:26:03,753 - File created: /home/kali/SecureFileTransfer/uploads/PRE ALERT NOTICE.exe at 2025-07-19 16:26:03
2025-07-19 16:26:08,152 - File deleted: /home/kali/SecureFileTransfer/uploads/PRE ALERT NOTICE.exe at 2025-07-19 16:26:08
2025-07-19 16:26:08,153 - File deleted: /home/kali/SecureFileTransfer/uploads/PRE ALERT NOTICE.exe at 2025-07-19 16:26:08
2025-07-19 16:29:23,248 - File created: /home/kali/SecureFileTransfer/uploads/PRE ALERT NOTICE.exe at 2025-07-19 16:29:23
2025-07-19 16:29:23,249 - File created: /home/kali/SecureFileTransfer/uploads/PRE ALERT NOTICE.exe at 2025-07-19 16:29:23
2025-07-19 16:29:38,708 - File deleted: /home/kali/SecureFileTransfer/uploads/PRE ALERT NOTICE.exe at 2025-07-19 16:29:38
2025-07-19 16:29:38,708 - File deleted: /home/kali/SecureFileTransfer/uploads/PRE ALERT NOTICE.exe at 2025-07-19 16:29:38
2025-07-27 14:52:54,524 - File created: /home/kali/SecureFileTransfer/uploads/PRE ALERT NOTICE.exe at 2025-07-27 14:52:54
2025-07-27 14:52:54,525 - File created: /home/kali/SecureFileTransfer/uploads/PRE ALERT NOTICE.exe at 2025-07-27 14:52:54
2025-07-27 14:52:57,341 - File deleted: /home/kali/SecureFileTransfer/uploads/PRE ALERT NOTICE.exe at 2025-07-27 14:52:57
2025-07-27 14:52:57,342 - File deleted: /home/kali/SecureFileTransfer/uploads/PRE ALERT NOTICE.exe at 2025-07-27 14:52:57
2025-07-27 15:12:31,576 - File created: /home/kali/SecureFileTransfer/uploads/PRE ALERT NOTICE.exe at 2025-07-27 15:12:31
2025-07-27 15:12:31,578 - File created: /home/kali/SecureFileTransfer/uploads/PRE ALERT NOTICE.exe at 2025-07-27 15:12:31
2025-07-27 15:12:47,803 - File deleted: /home/kali/SecureFileTransfer/uploads/PRE ALERT NOTICE.exe at 2025-07-27 15:12:47
2025-07-27 15:12:47,805 - File deleted: /home/kali/SecureFileTransfer/uploads/PRE ALERT NOTICE.exe at 2025-07-27 15:12:47
2025-07-27 15:13:19,714 - File created: /home/kali/SecureFileTransfer/uploads/PRE ALERT NOTICE.exe at 2025-07-27 15:13:19
2025-07-27 15:13:19,715 - File created: /home/kali/SecureFileTransfer/uploads/PRE ALERT NOTICE.exe at 2025-07-27 15:13:19
2025-07-27 15:13:22,987 - File deleted: /home/kali/SecureFileTransfer/uploads/PRE ALERT NOTICE.exe at 2025-07-27 15:13:22
2025-07-27 15:13:22,989 - File deleted: /home/kali/SecureFileTransfer/uploads/PRE ALERT NOTICE.exe at 2025-07-27 15:13:22
2025-07-27 15:14:37,036 - File created: /home/kali/SecureFileTransfer/uploads/PRE ALERT NOTICE.exe at 2025-07-27 15:14:37
2025-07-27 15:14:37,037 - File created: /home/kali/SecureFileTransfer/uploads/PRE ALERT NOTICE.exe at 2025-07-27 15:14:37
2025-07-27 15:14:40,024 - File deleted: /home/kali/SecureFileTransfer/uploads/PRE ALERT NOTICE.exe at 2025-07-27 15:14:40
2025-07-27 15:14:40,025 - File deleted: /home/kali/SecureFileTransfer/uploads/PRE ALERT NOTICE.exe at 2025-07-27 15:14:40
2025-07-27 15:24:51,317 - File created: /home/kali/SecureFileTransfer/uploads/PRE ALERT NOTICE.exe at 2025-07-27 15:24:51
2025-07-27 15:24:51,319 - File created: /home/kali/SecureFileTransfer/uploads/PRE ALERT NOTICE.exe at 2025-07-27 15:24:51
2025-07-27 15:24:54,372 - File deleted: /home/kali/SecureFileTransfer/uploads/PRE ALERT NOTICE.exe at 2025-07-27 15:24:54
2025-07-27 15:24:54,372 - File deleted: /home/kali/SecureFileTransfer/uploads/PRE ALERT NOTICE.exe at 2025-07-27 15:24:54
2025-07-27 15:26:27,800 - File created: /home/kali/SecureFileTransfer/uploads/PRE ALERT NOTICE.exe at 2025-07-27 15:26:27
2025-07-27 15:26:27,801 - File created: /home/kali/SecureFileTransfer/uploads/PRE ALERT NOTICE.exe at 2025-07-27 15:26:27
2025-07-27 15:26:31,956 - File deleted: /home/kali/SecureFileTransfer/uploads/PRE ALERT NOTICE.exe at 2025-07-27 15:26:31
2025-07-27 15:26:31,960 - File deleted: /home/kali/SecureFileTransfer/uploads/PRE ALERT NOTICE.exe at 2025-07-27 15:26:31
2025-07-27 15:54:08,954 - File created: /home/kali/SecureFileTransfer/uploads/PRE ALERT NOTICE.exe at 2025-07-27 15:54:08
2025-07-27 15:54:08,955 - File created: /home/kali/SecureFileTransfer/uploads/PRE ALERT NOTICE.exe at 2025-07-27 15:54:08
2025-07-27 15:54:15,845 - File deleted: /home/kali/SecureFileTransfer/uploads/PRE ALERT NOTICE.exe at 2025-07-27 15:54:15
2025-07-27 15:54:15,853 - File deleted: /home/kali/SecureFileTransfer/uploads/PRE ALERT NOTICE.exe at 2025-07-27 15:54:15
2025-07-27 15:54:25,150 - File created: /home/kali/SecureFileTransfer/uploads/PRE ALERT NOTICE.exe at 2025-07-27 15:54:25
2025-07-27 15:54:25,151 - File created: /home/kali/SecureFileTransfer/uploads/PRE ALERT NOTICE.exe at 2025-07-27 15:54:25
2025-07-27 15:54:28,476 - File deleted: /home/kali/SecureFileTransfer/uploads/PRE ALERT NOTICE.exe at 2025-07-27 15:54:28
2025-07-27 15:54:28,478 - File deleted: /home/kali/SecureFileTransfer/uploads/PRE ALERT NOTICE.exe at 2025-07-27 15:54:28
2025-07-27 16:05:29,588 - File created: /home/kali/SecureFileTransfer/uploads/PRE ALERT NOTICE.exe at 2025-07-27 16:05:29
2025-07-27 16:05:29,588 - File created: /home/kali/SecureFileTransfer/uploads/PRE ALERT NOTICE.exe at 2025-07-27 16:05:29
2025-07-27 16:05:33,656 - File deleted: /home/kali/SecureFileTransfer/uploads/PRE ALERT NOTICE.exe at 2025-07-27 16:05:33
2025-07-27 16:05:33,660 - File deleted: /home/kali/SecureFileTransfer/uploads/PRE ALERT NOTICE.exe at 2025-07-27 16:05:33
2025-07-27 16:14:20,604 - File created: /home/kali/SecureFileTransfer/uploads/PRE ALERT NOTICE.exe at 2025-07-27 16:14:20
2025-07-27 16:14:20,606 - File created: /home/kali/SecureFileTransfer/uploads/PRE ALERT NOTICE.exe at 2025-07-27 16:14:20
2025-07-27 16:14:24,327 - File deleted: /home/kali/SecureFileTransfer/uploads/PRE ALERT NOTICE.exe at 2025-07-27 16:14:24
2025-07-27 16:14:24,328 - File deleted: /home/kali/SecureFileTransfer/uploads/PRE ALERT NOTICE.exe at 2025-07-27 16:14:24
2025-07-28 03:22:31,964 - File created: /home/kali/SecureFileTransfer/uploads/PRE ALERT NOTICE.exe at 2025-07-28 03:22:31
2025-07-28 03:22:31,965 - File created: /home/kali/SecureFileTransfer/uploads/PRE ALERT NOTICE.exe at 2025-07-28 03:22:31
2025-07-28 03:23:26,469 - File deleted: /home/kali/SecureFileTransfer/uploads/PRE ALERT NOTICE.exe at 2025-07-28 03:23:26
2025-07-28 03:23:26,478 - File deleted: /home/kali/SecureFileTransfer/uploads/PRE ALERT NOTICE.exe at 2025-07-28 03:23:26
2025-07-28 03:25:16,752 - Failed to dock icon
Traceback (most recent call last):
  File "/home/kali/SecureFileTransfer/secure_transfer_env/lib/python3.13/site-packages/pystray/_xorg.py", line 243, in _on_destroy_notify
    self._assert_docked()
    ~~~~~~~~~~~~~~~~~~~^^
  File "/home/kali/SecureFileTransfer/secure_transfer_env/lib/python3.13/site-packages/pystray/_xorg.py", line 395, in _assert_docked
    assert self._systray_manager
           ^^^^^^^^^^^^^^^^^^^^^
AssertionError
2025-07-28 15:08:44,850 - File created: /home/kali/SecureFileTransfer/uploads/PRE ALERT NOTICE.exe at 2025-07-28 15:08:44
2025-07-28 15:08:44,851 - File created: /home/kali/SecureFileTransfer/uploads/PRE ALERT NOTICE.exe at 2025-07-28 15:08:44
2025-07-28 15:08:49,453 - File deleted: /home/kali/SecureFileTransfer/uploads/PRE ALERT NOTICE.exe at 2025-07-28 15:08:49
2025-07-28 15:08:49,455 - File deleted: /home/kali/SecureFileTransfer/uploads/PRE ALERT NOTICE.exe at 2025-07-28 15:08:49
2025-07-28 15:09:34,758 - File created: /home/kali/SecureFileTransfer/uploads/collect_data.py at 2025-07-28 15:09:34
2025-07-28 15:09:34,758 - File created: /home/kali/SecureFileTransfer/uploads/collect_data.py at 2025-07-28 15:09:34
2025-07-28 15:09:50,787 - File created: /home/kali/SecureFileTransfer/uploads/collect_data.py.aes at 2025-07-28 15:09:50
2025-07-28 15:09:50,788 - File created: /home/kali/SecureFileTransfer/uploads/collect_data.py.aes at 2025-07-28 15:09:50
2025-07-28 15:09:50,854 - File deleted: /home/kali/SecureFileTransfer/uploads/collect_data.py at 2025-07-28 15:09:50
2025-07-28 15:09:50,854 - File deleted: /home/kali/SecureFileTransfer/uploads/collect_data.py at 2025-07-28 15:09:50
2025-07-28 15:09:56,646 - File created: /home/kali/SecureFileTransfer/uploads/collect_data.py at 2025-07-28 15:09:56
2025-07-28 15:09:56,651 - File created: /home/kali/SecureFileTransfer/uploads/collect_data.py at 2025-07-28 15:09:56
2025-07-28 15:10:03,452 - File created: /home/kali/SecureFileTransfer/uploads/collect_data.py at 2025-07-28 15:10:03
2025-07-28 15:10:03,453 - File created: /home/kali/SecureFileTransfer/uploads/collect_data.py at 2025-07-28 15:10:03
2025-07-28 15:10:08,376 - File created: /home/kali/SecureFileTransfer/uploads/collect_data.py at 2025-07-28 15:10:08
2025-07-28 15:10:08,378 - File created: /home/kali/SecureFileTransfer/uploads/collect_data.py at 2025-07-28 15:10:08
2025-07-28 15:10:08,394 - File deleted: /home/kali/SecureFileTransfer/uploads/collect_data.py.aes at 2025-07-28 15:10:08
2025-07-28 15:10:08,424 - File deleted: /home/kali/SecureFileTransfer/uploads/collect_data.py.aes at 2025-07-28 15:10:08
2025-07-28 15:10:16,156 - File deleted: /home/kali/SecureFileTransfer/uploads/collect_data.py at 2025-07-28 15:10:16
2025-07-28 15:10:16,157 - File deleted: /home/kali/SecureFileTransfer/uploads/collect_data.py at 2025-07-28 15:10:16
2025-07-29 03:30:23,684 - File created: /home/kali/SecureFileTransfer/uploads/PRE ALERT NOTICE.exe at 2025-07-29 03:30:23
2025-07-29 03:30:23,690 - File created: /home/kali/SecureFileTransfer/uploads/PRE ALERT NOTICE.exe at 2025-07-29 03:30:23
2025-07-29 03:30:44,994 - File created: /home/kali/SecureFileTransfer/uploads/PRE ALERT NOTICE.exe.aes at 2025-07-29 03:30:44
2025-07-29 03:30:44,997 - File created: /home/kali/SecureFileTransfer/uploads/PRE ALERT NOTICE.exe.aes at 2025-07-29 03:30:44
2025-07-29 03:30:45,138 - File deleted: /home/kali/SecureFileTransfer/uploads/PRE ALERT NOTICE.exe at 2025-07-29 03:30:45
2025-07-29 03:30:45,141 - File deleted: /home/kali/SecureFileTransfer/uploads/PRE ALERT NOTICE.exe at 2025-07-29 03:30:45
2025-07-29 03:30:52,271 - File created: /home/kali/SecureFileTransfer/uploads/PRE ALERT NOTICE.exe at 2025-07-29 03:30:52
2025-07-29 03:30:52,273 - File created: /home/kali/SecureFileTransfer/uploads/PRE ALERT NOTICE.exe at 2025-07-29 03:30:52
2025-07-29 03:30:52,346 - File deleted: /home/kali/SecureFileTransfer/uploads/PRE ALERT NOTICE.exe.aes at 2025-07-29 03:30:52
2025-07-29 03:30:52,347 - File deleted: /home/kali/SecureFileTransfer/uploads/PRE ALERT NOTICE.exe.aes at 2025-07-29 03:30:52
2025-07-29 03:30:58,858 - File deleted: /home/kali/SecureFileTransfer/uploads/PRE ALERT NOTICE.exe at 2025-07-29 03:30:58
2025-07-29 03:30:58,860 - File deleted: /home/kali/SecureFileTransfer/uploads/PRE ALERT NOTICE.exe at 2025-07-29 03:30:58
